2019-07-16 09:35:14.492 [INFO ] com.apexsoft.HelloApplication - The following profiles are active: dev
2019-07-16 09:35:19.482 [INFO ] com.apexsoft.aas.common.swagger.ApiScanner - file:/Users/lowezheng/.m2/repository/com/apexsoft/aas-common/1.3.1-SNAPSHOT/aas-common-1.3.1-SNAPSHOT.jar!/com/apexsoft/aas/common/swagger/ApiScanner.class
2019-07-16 09:35:19.918 [INFO ] com.apexsoft.aas.common.swagger.ApiScanner - 解析出models数量:51
2019-07-16 09:35:19.920 [INFO ] com.apexsoft.aas.common.swagger.ApiScanner - file:/Users/lowezheng/.gradle/caches/modules-2/files-2.1/com.apexsoft/aas-authentication/1.3.1-SNAPSHOT/5136ae4038f0c16d1b76b5a7d93cea983dd50cb7/aas-authentication-1.3.1-SNAPSHOT.jar!/com/apexsoft/aas/authentication/AuthenticationSwaggerScanner.class
2019-07-16 09:35:19.991 [INFO ] com.apexsoft.aas.common.swagger.ApiScanner - 解析出models数量:75
2019-07-16 09:35:19.993 [INFO ] com.apexsoft.aas.common.swagger.ApiScanner - file:/Users/lowezheng/.gradle/caches/modules-2/files-2.1/com.apexsoft/aas-dbgate/1.3.1-SNAPSHOT/e21e64432f3980d7fb91c8d30dae249677399275/aas-dbgate-1.3.1-SNAPSHOT.jar!/com/apexsoft/aas/dbgate/DbGateSwaggerScanner.class
2019-07-16 09:35:20.031 [INFO ] com.apexsoft.aas.common.swagger.ApiScanner - 解析出models数量:16
2019-07-16 09:35:22.136 [INFO ] com.apexsoft.aas.service.config.AServiceRegister - 捕获AmsHandlerRegistryInitializedEvent事件(aas-service)com.apex.ams.server.AmsHandlerRegistryInitializedEvent
2019-07-16 09:35:22.141 [INFO ] com.apexsoft.aas.config.AmsServiceRegisterAdapter - AServiceModel{pkg='test', name='add', namespace='guoyuan', version='1.0.0', method=public com.apexsoft.aas.service.model.AResponse com.apexsoft.TestProducer.add(com.apexsoft.aas.service.model.ARequest), bean=com.apexsoft.TestProducer@4cd7128}
2019-07-16 09:35:22.164 [INFO ] com.apexsoft.aas.config.AmsServiceRegisterAdapter - AServiceModel{pkg='test', name='upload', namespace='guoyuan', version='1.0.0', method=public com.apexsoft.aas.service.model.AUploadResponse com.apexsoft.TestProducer.upload(com.apexsoft.aas.service.model.AUploadRequest), bean=com.apexsoft.TestProducer@4cd7128}
2019-07-16 09:35:23.347 [INFO ] com.apexsoft.aas.common.swagger.ApiScanner - file:/Users/lowezheng/.m2/repository/com/apexsoft/aas-common/1.3.1-SNAPSHOT/aas-common-1.3.1-SNAPSHOT.jar!/com/apexsoft/aas/common/swagger/ApiScanner.class
2019-07-16 09:35:23.369 [INFO ] com.apexsoft.aas.common.swagger.ApiScanner - 解析出api数量:1
2019-07-16 09:35:23.369 [INFO ] com.apexsoft.aas.common.swagger.ApiScanner - file:/Users/lowezheng/.gradle/caches/modules-2/files-2.1/com.apexsoft/aas-authentication/1.3.1-SNAPSHOT/5136ae4038f0c16d1b76b5a7d93cea983dd50cb7/aas-authentication-1.3.1-SNAPSHOT.jar!/com/apexsoft/aas/authentication/AuthenticationSwaggerScanner.class
2019-07-16 09:35:23.381 [INFO ] com.apexsoft.aas.common.swagger.ApiScanner - 解析出api数量:0
2019-07-16 09:35:23.381 [INFO ] com.apexsoft.aas.common.swagger.ApiScanner - file:/Users/lowezheng/.gradle/caches/modules-2/files-2.1/com.apexsoft/aas-dbgate/1.3.1-SNAPSHOT/e21e64432f3980d7fb91c8d30dae249677399275/aas-dbgate-1.3.1-SNAPSHOT.jar!/com/apexsoft/aas/dbgate/DbGateSwaggerScanner.class
2019-07-16 09:35:23.386 [INFO ] com.apexsoft.aas.common.swagger.ApiScanner - 解析出api数量:0
2019-07-16 09:35:23.612 [INFO ] com.apexsoft.aas.config.ContextEventListener - 捕获Session准备事件org.springframework.boot.context.event.ApplicationReadyEvent
2019-07-16 09:35:23.614 [INFO ] com.apexsoft.aas.common.session.SessionFilter - *
2019-07-16 09:35:23.615 [INFO ] com.apexsoft.aas.common.session.SessionFilter - /aas/api/auth
2019-07-16 09:35:23.615 [INFO ] com.apexsoft.aas.common.session.SessionFilter - /aas/api/logout
2019-07-16 09:35:23.615 [INFO ] com.apexsoft.aas.common.session.SessionFilter - /aas/api/ticket/register
2019-07-16 09:35:23.615 [INFO ] com.apexsoft.aas.common.session.SessionFilter - /aas/api/ticket/result
2019-07-16 09:35:23.615 [INFO ] com.apexsoft.aas.common.session.SessionFilter - /aas/api/setting/info
2019-07-16 09:35:23.615 [INFO ] com.apexsoft.aas.common.session.SessionFilter - /aas/api/setting/settingInfo
2019-07-16 09:35:23.615 [INFO ] com.apexsoft.aas.common.session.SessionFilter - /aas/api/captcha/fetch
2019-07-16 09:35:23.615 [INFO ] com.apexsoft.aas.common.session.SessionFilter - /aas/api/captcha/verify
2019-07-16 09:35:23.616 [INFO ] com.apexsoft.aas.common.session.SessionFilter - /aas/api/stream/upload
2019-07-16 09:35:23.616 [INFO ] com.apexsoft.aas.common.session.SessionFilter - /aas/api/stream/download
2019-07-16 09:35:23.616 [INFO ] com.apexsoft.aas.common.session.SessionFilter - /aas/api/stream/direct/upload
2019-07-16 09:35:23.616 [INFO ] com.apexsoft.aas.common.session.SessionFilter - /aas/api/stream/direct/download
2019-07-16 09:35:23.616 [INFO ] com.apexsoft.aas.common.session.SessionFilter - *.ico
2019-07-16 09:35:23.616 [INFO ] com.apexsoft.aas.common.session.SessionFilter - *.js
2019-07-16 09:35:23.616 [INFO ] com.apexsoft.aas.common.session.SessionFilter - *.css
2019-07-16 09:35:23.616 [INFO ] com.apexsoft.aas.common.session.SessionFilter - *.png
2019-07-16 09:35:23.616 [INFO ] com.apexsoft.aas.common.session.SessionFilter - /static/*
2019-07-16 09:35:23.616 [INFO ] com.apexsoft.aas.common.session.SessionFilter - /swagger*
2019-07-16 09:35:23.616 [INFO ] com.apexsoft.aas.common.session.SessionFilter - /swagger-resources/*
2019-07-16 09:35:23.616 [INFO ] com.apexsoft.aas.common.session.SessionFilter - /webjars/*
2019-07-16 09:35:23.616 [INFO ] com.apexsoft.aas.common.session.SessionFilter - /v2/api-docs
2019-07-16 09:35:23.616 [INFO ] com.apexsoft.aas.common.session.SessionFilter - *
2019-07-16 09:35:23.618 [INFO ] com.apexsoft.HelloApplication - Started HelloApplication in 20.231 seconds (JVM running for 20.53)
2019-07-16 09:35:58.232 [INFO ] com.apexsoft.HelloApplication - The following profiles are active: dev
2019-07-16 09:36:02.749 [INFO ] com.apexsoft.aas.common.swagger.ApiScanner - file:/Users/lowezheng/.m2/repository/com/apexsoft/aas-common/1.3.1-SNAPSHOT/aas-common-1.3.1-SNAPSHOT.jar!/com/apexsoft/aas/common/swagger/ApiScanner.class
2019-07-16 09:36:03.173 [INFO ] com.apexsoft.aas.common.swagger.ApiScanner - 解析出models数量:51
2019-07-16 09:36:03.174 [INFO ] com.apexsoft.aas.common.swagger.ApiScanner - file:/Users/lowezheng/.gradle/caches/modules-2/files-2.1/com.apexsoft/aas-authentication/1.3.1-SNAPSHOT/5136ae4038f0c16d1b76b5a7d93cea983dd50cb7/aas-authentication-1.3.1-SNAPSHOT.jar!/com/apexsoft/aas/authentication/AuthenticationSwaggerScanner.class
2019-07-16 09:36:03.241 [INFO ] com.apexsoft.aas.common.swagger.ApiScanner - 解析出models数量:75
2019-07-16 09:36:03.243 [INFO ] com.apexsoft.aas.common.swagger.ApiScanner - file:/Users/lowezheng/.gradle/caches/modules-2/files-2.1/com.apexsoft/aas-dbgate/1.3.1-SNAPSHOT/e21e64432f3980d7fb91c8d30dae249677399275/aas-dbgate-1.3.1-SNAPSHOT.jar!/com/apexsoft/aas/dbgate/DbGateSwaggerScanner.class
2019-07-16 09:36:03.274 [INFO ] com.apexsoft.aas.common.swagger.ApiScanner - 解析出models数量:16
2019-07-16 09:36:05.375 [INFO ] com.apexsoft.aas.service.config.AServiceRegister - 捕获AmsHandlerRegistryInitializedEvent事件(aas-service)com.apex.ams.server.AmsHandlerRegistryInitializedEvent
2019-07-16 09:36:05.380 [INFO ] com.apexsoft.aas.config.AmsServiceRegisterAdapter - AServiceModel{pkg='test', name='add', namespace='guoyuan', version='1.0.0', method=public com.apexsoft.aas.service.model.AResponse com.apexsoft.TestProducer.add(com.apexsoft.aas.service.model.ARequest), bean=com.apexsoft.TestProducer@7b9d602c}
2019-07-16 09:36:05.404 [INFO ] com.apexsoft.aas.config.AmsServiceRegisterAdapter - AServiceModel{pkg='test', name='upload', namespace='guoyuan', version='1.0.0', method=public com.apexsoft.aas.service.model.AUploadResponse com.apexsoft.TestProducer.upload(com.apexsoft.aas.service.model.AUploadRequest), bean=com.apexsoft.TestProducer@7b9d602c}
2019-07-16 09:36:06.633 [INFO ] com.apexsoft.aas.common.swagger.ApiScanner - file:/Users/lowezheng/.m2/repository/com/apexsoft/aas-common/1.3.1-SNAPSHOT/aas-common-1.3.1-SNAPSHOT.jar!/com/apexsoft/aas/common/swagger/ApiScanner.class
2019-07-16 09:36:06.652 [INFO ] com.apexsoft.aas.common.swagger.ApiScanner - 解析出api数量:1
2019-07-16 09:36:06.652 [INFO ] com.apexsoft.aas.common.swagger.ApiScanner - file:/Users/lowezheng/.gradle/caches/modules-2/files-2.1/com.apexsoft/aas-authentication/1.3.1-SNAPSHOT/5136ae4038f0c16d1b76b5a7d93cea983dd50cb7/aas-authentication-1.3.1-SNAPSHOT.jar!/com/apexsoft/aas/authentication/AuthenticationSwaggerScanner.class
2019-07-16 09:36:06.662 [INFO ] com.apexsoft.aas.common.swagger.ApiScanner - 解析出api数量:0
2019-07-16 09:36:06.662 [INFO ] com.apexsoft.aas.common.swagger.ApiScanner - file:/Users/lowezheng/.gradle/caches/modules-2/files-2.1/com.apexsoft/aas-dbgate/1.3.1-SNAPSHOT/e21e64432f3980d7fb91c8d30dae249677399275/aas-dbgate-1.3.1-SNAPSHOT.jar!/com/apexsoft/aas/dbgate/DbGateSwaggerScanner.class
2019-07-16 09:36:06.667 [INFO ] com.apexsoft.aas.common.swagger.ApiScanner - 解析出api数量:0
2019-07-16 09:36:06.828 [INFO ] com.apexsoft.aas.config.ContextEventListener - 捕获Session准备事件org.springframework.boot.context.event.ApplicationReadyEvent
2019-07-16 09:36:06.831 [INFO ] com.apexsoft.aas.common.session.SessionFilter - *
2019-07-16 09:36:06.831 [INFO ] com.apexsoft.aas.common.session.SessionFilter - /aas/api/auth
2019-07-16 09:36:06.831 [INFO ] com.apexsoft.aas.common.session.SessionFilter - /aas/api/logout
2019-07-16 09:36:06.831 [INFO ] com.apexsoft.aas.common.session.SessionFilter - /aas/api/ticket/register
2019-07-16 09:36:06.831 [INFO ] com.apexsoft.aas.common.session.SessionFilter - /aas/api/ticket/result
2019-07-16 09:36:06.831 [INFO ] com.apexsoft.aas.common.session.SessionFilter - /aas/api/setting/info
2019-07-16 09:36:06.831 [INFO ] com.apexsoft.aas.common.session.SessionFilter - /aas/api/setting/settingInfo
2019-07-16 09:36:06.831 [INFO ] com.apexsoft.aas.common.session.SessionFilter - /aas/api/captcha/fetch
2019-07-16 09:36:06.831 [INFO ] com.apexsoft.aas.common.session.SessionFilter - /aas/api/captcha/verify
2019-07-16 09:36:06.831 [INFO ] com.apexsoft.aas.common.session.SessionFilter - /aas/api/stream/upload
2019-07-16 09:36:06.831 [INFO ] com.apexsoft.aas.common.session.SessionFilter - /aas/api/stream/download
2019-07-16 09:36:06.831 [INFO ] com.apexsoft.aas.common.session.SessionFilter - /aas/api/stream/direct/upload
2019-07-16 09:36:06.831 [INFO ] com.apexsoft.aas.common.session.SessionFilter - /aas/api/stream/direct/download
2019-07-16 09:36:06.831 [INFO ] com.apexsoft.aas.common.session.SessionFilter - *.ico
2019-07-16 09:36:06.832 [INFO ] com.apexsoft.aas.common.session.SessionFilter - *.js
2019-07-16 09:36:06.832 [INFO ] com.apexsoft.aas.common.session.SessionFilter - *.css
2019-07-16 09:36:06.832 [INFO ] com.apexsoft.aas.common.session.SessionFilter - *.png
2019-07-16 09:36:06.832 [INFO ] com.apexsoft.aas.common.session.SessionFilter - /static/*
2019-07-16 09:36:06.832 [INFO ] com.apexsoft.aas.common.session.SessionFilter - /swagger*
2019-07-16 09:36:06.832 [INFO ] com.apexsoft.aas.common.session.SessionFilter - /swagger-resources/*
2019-07-16 09:36:06.832 [INFO ] com.apexsoft.aas.common.session.SessionFilter - /webjars/*
2019-07-16 09:36:06.832 [INFO ] com.apexsoft.aas.common.session.SessionFilter - /v2/api-docs
2019-07-16 09:36:06.832 [INFO ] com.apexsoft.aas.common.session.SessionFilter - *
2019-07-16 09:36:06.834 [INFO ] com.apexsoft.HelloApplication - Started HelloApplication in 19.71 seconds (JVM running for 20.054)
2019-07-16 09:46:31.122 [INFO ] com.apexsoft.HelloApplication - The following profiles are active: dev
2019-07-16 09:46:35.512 [INFO ] com.apexsoft.aas.common.swagger.ApiScanner - file:/Users/lowezheng/.m2/repository/com/apexsoft/aas-common/1.3.1-SNAPSHOT/aas-common-1.3.1-SNAPSHOT.jar!/com/apexsoft/aas/common/swagger/ApiScanner.class
2019-07-16 09:46:35.940 [INFO ] com.apexsoft.aas.common.swagger.ApiScanner - 解析出models数量:51
2019-07-16 09:46:35.941 [INFO ] com.apexsoft.aas.common.swagger.ApiScanner - file:/Users/lowezheng/.gradle/caches/modules-2/files-2.1/com.apexsoft/aas-authentication/1.3.1-SNAPSHOT/5136ae4038f0c16d1b76b5a7d93cea983dd50cb7/aas-authentication-1.3.1-SNAPSHOT.jar!/com/apexsoft/aas/authentication/AuthenticationSwaggerScanner.class
2019-07-16 09:46:36.010 [INFO ] com.apexsoft.aas.common.swagger.ApiScanner - 解析出models数量:75
2019-07-16 09:46:36.012 [INFO ] com.apexsoft.aas.common.swagger.ApiScanner - file:/Users/lowezheng/.gradle/caches/modules-2/files-2.1/com.apexsoft/aas-dbgate/1.3.1-SNAPSHOT/e21e64432f3980d7fb91c8d30dae249677399275/aas-dbgate-1.3.1-SNAPSHOT.jar!/com/apexsoft/aas/dbgate/DbGateSwaggerScanner.class
2019-07-16 09:46:36.044 [INFO ] com.apexsoft.aas.common.swagger.ApiScanner - 解析出models数量:16
2019-07-16 09:46:38.095 [INFO ] com.apexsoft.aas.service.config.AServiceRegister - 捕获AmsHandlerRegistryInitializedEvent事件(aas-service)com.apex.ams.server.AmsHandlerRegistryInitializedEvent
2019-07-16 09:46:38.100 [INFO ] com.apexsoft.aas.config.AmsServiceRegisterAdapter - AServiceModel{pkg='test', name='add', namespace='guoyuan', version='1.0.0', method=public com.apexsoft.aas.service.model.AResponse com.apexsoft.TestProducer.add(com.apexsoft.aas.service.model.ARequest), bean=com.apexsoft.TestProducer@3ed87b6e}
2019-07-16 09:46:38.125 [INFO ] com.apexsoft.aas.config.AmsServiceRegisterAdapter - AServiceModel{pkg='test', name='upload', namespace='guoyuan', version='1.0.0', method=public com.apexsoft.aas.service.model.AUploadResponse com.apexsoft.TestProducer.upload(com.apexsoft.aas.service.model.AUploadRequest), bean=com.apexsoft.TestProducer@3ed87b6e}
2019-07-16 09:46:39.262 [INFO ] com.apexsoft.aas.common.swagger.ApiScanner - file:/Users/lowezheng/.m2/repository/com/apexsoft/aas-common/1.3.1-SNAPSHOT/aas-common-1.3.1-SNAPSHOT.jar!/com/apexsoft/aas/common/swagger/ApiScanner.class
2019-07-16 09:46:39.281 [INFO ] com.apexsoft.aas.common.swagger.ApiScanner - 解析出api数量:1
2019-07-16 09:46:39.282 [INFO ] com.apexsoft.aas.common.swagger.ApiScanner - file:/Users/lowezheng/.gradle/caches/modules-2/files-2.1/com.apexsoft/aas-authentication/1.3.1-SNAPSHOT/5136ae4038f0c16d1b76b5a7d93cea983dd50cb7/aas-authentication-1.3.1-SNAPSHOT.jar!/com/apexsoft/aas/authentication/AuthenticationSwaggerScanner.class
2019-07-16 09:46:39.291 [INFO ] com.apexsoft.aas.common.swagger.ApiScanner - 解析出api数量:0
2019-07-16 09:46:39.292 [INFO ] com.apexsoft.aas.common.swagger.ApiScanner - file:/Users/lowezheng/.gradle/caches/modules-2/files-2.1/com.apexsoft/aas-dbgate/1.3.1-SNAPSHOT/e21e64432f3980d7fb91c8d30dae249677399275/aas-dbgate-1.3.1-SNAPSHOT.jar!/com/apexsoft/aas/dbgate/DbGateSwaggerScanner.class
2019-07-16 09:46:39.296 [INFO ] com.apexsoft.aas.common.swagger.ApiScanner - 解析出api数量:0
2019-07-16 09:46:39.479 [INFO ] com.apexsoft.aas.config.ContextEventListener - 捕获Session准备事件org.springframework.boot.context.event.ApplicationReadyEvent
2019-07-16 09:46:39.482 [INFO ] com.apexsoft.aas.common.session.SessionFilter - *
2019-07-16 09:46:39.482 [INFO ] com.apexsoft.aas.common.session.SessionFilter - /aas/api/auth
2019-07-16 09:46:39.482 [INFO ] com.apexsoft.aas.common.session.SessionFilter - /aas/api/logout
2019-07-16 09:46:39.482 [INFO ] com.apexsoft.aas.common.session.SessionFilter - /aas/api/ticket/register
2019-07-16 09:46:39.482 [INFO ] com.apexsoft.aas.common.session.SessionFilter - /aas/api/ticket/result
2019-07-16 09:46:39.483 [INFO ] com.apexsoft.aas.common.session.SessionFilter - /aas/api/setting/info
2019-07-16 09:46:39.483 [INFO ] com.apexsoft.aas.common.session.SessionFilter - /aas/api/setting/settingInfo
2019-07-16 09:46:39.483 [INFO ] com.apexsoft.aas.common.session.SessionFilter - /aas/api/captcha/fetch
2019-07-16 09:46:39.483 [INFO ] com.apexsoft.aas.common.session.SessionFilter - /aas/api/captcha/verify
2019-07-16 09:46:39.483 [INFO ] com.apexsoft.aas.common.session.SessionFilter - /aas/api/stream/upload
2019-07-16 09:46:39.483 [INFO ] com.apexsoft.aas.common.session.SessionFilter - /aas/api/stream/download
2019-07-16 09:46:39.483 [INFO ] com.apexsoft.aas.common.session.SessionFilter - /aas/api/stream/direct/upload
2019-07-16 09:46:39.483 [INFO ] com.apexsoft.aas.common.session.SessionFilter - /aas/api/stream/direct/download
2019-07-16 09:46:39.483 [INFO ] com.apexsoft.aas.common.session.SessionFilter - *.ico
2019-07-16 09:46:39.483 [INFO ] com.apexsoft.aas.common.session.SessionFilter - *.js
2019-07-16 09:46:39.483 [INFO ] com.apexsoft.aas.common.session.SessionFilter - *.css
2019-07-16 09:46:39.483 [INFO ] com.apexsoft.aas.common.session.SessionFilter - *.png
2019-07-16 09:46:39.483 [INFO ] com.apexsoft.aas.common.session.SessionFilter - /static/*
2019-07-16 09:46:39.483 [INFO ] com.apexsoft.aas.common.session.SessionFilter - /swagger*
2019-07-16 09:46:39.483 [INFO ] com.apexsoft.aas.common.session.SessionFilter - /swagger-resources/*
2019-07-16 09:46:39.483 [INFO ] com.apexsoft.aas.common.session.SessionFilter - /webjars/*
2019-07-16 09:46:39.483 [INFO ] com.apexsoft.aas.common.session.SessionFilter - /v2/api-docs
2019-07-16 09:46:39.483 [INFO ] com.apexsoft.aas.common.session.SessionFilter - *
2019-07-16 09:46:39.486 [INFO ] com.apexsoft.HelloApplication - Started HelloApplication in 19.535 seconds (JVM running for 19.851)
2019-07-16 09:53:49.091 [INFO ] com.apexsoft.HelloApplication - The following profiles are active: dev
2019-07-16 09:53:53.415 [INFO ] com.apexsoft.aas.common.swagger.ApiScanner - file:/Users/lowezheng/.m2/repository/com/apexsoft/aas-common/1.3.1-SNAPSHOT/aas-common-1.3.1-SNAPSHOT.jar!/com/apexsoft/aas/common/swagger/ApiScanner.class
2019-07-16 09:53:53.842 [INFO ] com.apexsoft.aas.common.swagger.ApiScanner - 解析出models数量:51
2019-07-16 09:53:53.843 [INFO ] com.apexsoft.aas.common.swagger.ApiScanner - file:/Users/lowezheng/.gradle/caches/modules-2/files-2.1/com.apexsoft/aas-authentication/1.3.1-SNAPSHOT/5136ae4038f0c16d1b76b5a7d93cea983dd50cb7/aas-authentication-1.3.1-SNAPSHOT.jar!/com/apexsoft/aas/authentication/AuthenticationSwaggerScanner.class
2019-07-16 09:53:53.908 [INFO ] com.apexsoft.aas.common.swagger.ApiScanner - 解析出models数量:75
2019-07-16 09:53:53.910 [INFO ] com.apexsoft.aas.common.swagger.ApiScanner - file:/Users/lowezheng/.gradle/caches/modules-2/files-2.1/com.apexsoft/aas-dbgate/1.3.1-SNAPSHOT/e21e64432f3980d7fb91c8d30dae249677399275/aas-dbgate-1.3.1-SNAPSHOT.jar!/com/apexsoft/aas/dbgate/DbGateSwaggerScanner.class
2019-07-16 09:53:53.939 [INFO ] com.apexsoft.aas.common.swagger.ApiScanner - 解析出models数量:16
2019-07-16 09:53:56.048 [INFO ] com.apexsoft.aas.service.config.AServiceRegister - 捕获AmsHandlerRegistryInitializedEvent事件(aas-service)com.apex.ams.server.AmsHandlerRegistryInitializedEvent
2019-07-16 09:53:56.053 [INFO ] com.apexsoft.aas.config.AmsServiceRegisterAdapter - AServiceModel{pkg='test', name='add', namespace='guoyuan', version='1.0.0', method=public com.apexsoft.aas.service.model.AResponse com.apexsoft.TestProducer.add(com.apexsoft.aas.service.model.ARequest), bean=com.apexsoft.TestProducer@404566e7}
2019-07-16 09:53:56.077 [INFO ] com.apexsoft.aas.config.AmsServiceRegisterAdapter - AServiceModel{pkg='test', name='upload', namespace='guoyuan', version='1.0.0', method=public com.apexsoft.aas.service.model.AUploadResponse com.apexsoft.TestProducer.upload(com.apexsoft.aas.service.model.AUploadRequest), bean=com.apexsoft.TestProducer@404566e7}
2019-07-16 09:53:57.144 [INFO ] com.apexsoft.aas.common.swagger.ApiScanner - file:/Users/lowezheng/.m2/repository/com/apexsoft/aas-common/1.3.1-SNAPSHOT/aas-common-1.3.1-SNAPSHOT.jar!/com/apexsoft/aas/common/swagger/ApiScanner.class
2019-07-16 09:53:57.160 [INFO ] com.apexsoft.aas.common.swagger.ApiScanner - 解析出api数量:1
2019-07-16 09:53:57.160 [INFO ] com.apexsoft.aas.common.swagger.ApiScanner - file:/Users/lowezheng/.gradle/caches/modules-2/files-2.1/com.apexsoft/aas-authentication/1.3.1-SNAPSHOT/5136ae4038f0c16d1b76b5a7d93cea983dd50cb7/aas-authentication-1.3.1-SNAPSHOT.jar!/com/apexsoft/aas/authentication/AuthenticationSwaggerScanner.class
2019-07-16 09:53:57.168 [INFO ] com.apexsoft.aas.common.swagger.ApiScanner - 解析出api数量:0
2019-07-16 09:53:57.169 [INFO ] com.apexsoft.aas.common.swagger.ApiScanner - file:/Users/lowezheng/.gradle/caches/modules-2/files-2.1/com.apexsoft/aas-dbgate/1.3.1-SNAPSHOT/e21e64432f3980d7fb91c8d30dae249677399275/aas-dbgate-1.3.1-SNAPSHOT.jar!/com/apexsoft/aas/dbgate/DbGateSwaggerScanner.class
2019-07-16 09:53:57.173 [INFO ] com.apexsoft.aas.common.swagger.ApiScanner - 解析出api数量:0
2019-07-16 09:53:57.331 [INFO ] com.apexsoft.aas.config.ContextEventListener - 捕获Session准备事件org.springframework.boot.context.event.ApplicationReadyEvent
2019-07-16 09:53:57.333 [INFO ] com.apexsoft.aas.common.session.SessionFilter - *
2019-07-16 09:53:57.334 [INFO ] com.apexsoft.aas.common.session.SessionFilter - /aas/api/auth
2019-07-16 09:53:57.334 [INFO ] com.apexsoft.aas.common.session.SessionFilter - /aas/api/logout
2019-07-16 09:53:57.334 [INFO ] com.apexsoft.aas.common.session.SessionFilter - /aas/api/ticket/register
2019-07-16 09:53:57.334 [INFO ] com.apexsoft.aas.common.session.SessionFilter - /aas/api/ticket/result
2019-07-16 09:53:57.334 [INFO ] com.apexsoft.aas.common.session.SessionFilter - /aas/api/setting/info
2019-07-16 09:53:57.334 [INFO ] com.apexsoft.aas.common.session.SessionFilter - /aas/api/setting/settingInfo
2019-07-16 09:53:57.334 [INFO ] com.apexsoft.aas.common.session.SessionFilter - /aas/api/captcha/fetch
2019-07-16 09:53:57.334 [INFO ] com.apexsoft.aas.common.session.SessionFilter - /aas/api/captcha/verify
2019-07-16 09:53:57.334 [INFO ] com.apexsoft.aas.common.session.SessionFilter - /aas/api/stream/upload
2019-07-16 09:53:57.335 [INFO ] com.apexsoft.aas.common.session.SessionFilter - /aas/api/stream/download
2019-07-16 09:53:57.335 [INFO ] com.apexsoft.aas.common.session.SessionFilter - /aas/api/stream/direct/upload
2019-07-16 09:53:57.335 [INFO ] com.apexsoft.aas.common.session.SessionFilter - /aas/api/stream/direct/download
2019-07-16 09:53:57.335 [INFO ] com.apexsoft.aas.common.session.SessionFilter - *.ico
2019-07-16 09:53:57.335 [INFO ] com.apexsoft.aas.common.session.SessionFilter - *.js
2019-07-16 09:53:57.335 [INFO ] com.apexsoft.aas.common.session.SessionFilter - *.css
2019-07-16 09:53:57.335 [INFO ] com.apexsoft.aas.common.session.SessionFilter - *.png
2019-07-16 09:53:57.335 [INFO ] com.apexsoft.aas.common.session.SessionFilter - /static/*
2019-07-16 09:53:57.335 [INFO ] com.apexsoft.aas.common.session.SessionFilter - /swagger*
2019-07-16 09:53:57.335 [INFO ] com.apexsoft.aas.common.session.SessionFilter - /swagger-resources/*
2019-07-16 09:53:57.335 [INFO ] com.apexsoft.aas.common.session.SessionFilter - /webjars/*
2019-07-16 09:53:57.335 [INFO ] com.apexsoft.aas.common.session.SessionFilter - /v2/api-docs
2019-07-16 09:53:57.335 [INFO ] com.apexsoft.aas.common.session.SessionFilter - *
2019-07-16 09:53:57.338 [INFO ] com.apexsoft.HelloApplication - Started HelloApplication in 19.313 seconds (JVM running for 19.615)
2019-07-16 09:54:39.795 [INFO ] com.apexsoft.TestProducer - {"params":{"1111":"22222"}}
2019-07-16 09:54:44.866 [INFO ] com.apexsoft.TestProducer - {"params":{"1111":"22222"}}
2019-07-16 09:54:49.877 [INFO ] com.apexsoft.TestProducer - {"params":{"1111":"22222"}}
2019-07-16 09:54:54.885 [INFO ] com.apexsoft.TestProducer - {"params":{"1111":"22222"}}
2019-07-16 09:54:59.897 [INFO ] com.apexsoft.TestProducer - {"params":{"1111":"22222"}}
2019-07-16 09:55:04.909 [INFO ] com.apexsoft.TestProducer - {"params":{"1111":"22222"}}
2019-07-16 09:55:09.916 [INFO ] com.apexsoft.TestProducer - {"params":{"1111":"22222"}}
2019-07-16 09:55:14.927 [INFO ] com.apexsoft.TestProducer - {"params":{"1111":"22222"}}
2019-07-16 09:55:19.947 [INFO ] com.apexsoft.TestProducer - {"params":{"1111":"22222"}}
2019-07-16 09:55:24.957 [INFO ] com.apexsoft.TestProducer - {"params":{"1111":"22222"}}
2019-07-16 09:55:29.969 [INFO ] com.apexsoft.TestProducer - {"params":{"1111":"22222"}}
2019-07-16 09:55:34.978 [INFO ] com.apexsoft.TestProducer - {"params":{"1111":"22222"}}
2019-07-16 09:55:39.985 [INFO ] com.apexsoft.TestProducer - {"params":{"1111":"22222"}}
2019-07-16 09:55:44.996 [INFO ] com.apexsoft.TestProducer - {"params":{"1111":"22222"}}
2019-07-16 09:55:50.006 [INFO ] com.apexsoft.TestProducer - {"params":{"1111":"22222"}}
2019-07-16 09:55:55.016 [INFO ] com.apexsoft.TestProducer - {"params":{"1111":"22222"}}
2019-07-16 09:56:00.025 [INFO ] com.apexsoft.TestProducer - {"params":{"1111":"22222"}}
2019-07-16 09:56:05.033 [INFO ] com.apexsoft.TestProducer - {"params":{"1111":"22222"}}
2019-07-16 09:56:10.038 [INFO ] com.apexsoft.TestProducer - {"params":{"1111":"22222"}}
2019-07-16 09:56:15.047 [INFO ] com.apexsoft.TestProducer - {"params":{"1111":"22222"}}
2019-07-16 09:56:20.052 [INFO ] com.apexsoft.TestProducer - {"params":{"1111":"22222"}}
2019-07-16 09:56:25.058 [INFO ] com.apexsoft.TestProducer - {"params":{"1111":"22222"}}
2019-07-16 09:56:30.064 [INFO ] com.apexsoft.TestProducer - {"params":{"1111":"22222"}}
2019-07-16 09:56:35.070 [INFO ] com.apexsoft.TestProducer - {"params":{"1111":"22222"}}
2019-07-16 09:56:40.074 [INFO ] com.apexsoft.TestProducer - {"params":{"1111":"22222"}}
2019-07-16 09:56:45.080 [INFO ] com.apexsoft.TestProducer - {"params":{"1111":"22222"}}
2019-07-16 09:56:50.084 [INFO ] com.apexsoft.TestProducer - {"params":{"1111":"22222"}}
2019-07-16 09:56:55.090 [INFO ] com.apexsoft.TestProducer - {"params":{"1111":"22222"}}
2019-07-16 09:57:00.096 [INFO ] com.apexsoft.TestProducer - {"params":{"1111":"22222"}}
2019-07-16 09:57:05.104 [INFO ] com.apexsoft.TestProducer - {"params":{"1111":"22222"}}
2019-07-16 09:57:10.112 [INFO ] com.apexsoft.TestProducer - {"params":{"1111":"22222"}}
2019-07-16 09:57:15.119 [INFO ] com.apexsoft.TestProducer - {"params":{"1111":"22222"}}
2019-07-16 09:57:20.125 [INFO ] com.apexsoft.TestProducer - {"params":{"1111":"22222"}}
2019-07-16 09:57:25.129 [INFO ] com.apexsoft.TestProducer - {"params":{"1111":"22222"}}
2019-07-16 09:57:30.133 [INFO ] com.apexsoft.TestProducer - {"params":{"1111":"22222"}}
2019-07-16 09:57:35.141 [INFO ] com.apexsoft.TestProducer - {"params":{"1111":"22222"}}
2019-07-16 09:57:40.147 [INFO ] com.apexsoft.TestProducer - {"params":{"1111":"22222"}}
2019-07-16 09:57:45.154 [INFO ] com.apexsoft.TestProducer - {"params":{"1111":"22222"}}
2019-07-16 09:57:50.163 [INFO ] com.apexsoft.TestProducer - {"params":{"1111":"22222"}}
2019-07-16 09:57:55.170 [INFO ] com.apexsoft.TestProducer - {"params":{"1111":"22222"}}
2019-07-16 09:58:00.180 [INFO ] com.apexsoft.TestProducer - {"params":{"1111":"22222"}}
2019-07-16 09:58:05.186 [INFO ] com.apexsoft.TestProducer - {"params":{"1111":"22222"}}
2019-07-16 09:58:10.195 [INFO ] com.apexsoft.TestProducer - {"params":{"1111":"22222"}}
2019-07-16 09:58:15.204 [INFO ] com.apexsoft.TestProducer - {"params":{"1111":"22222"}}
2019-07-16 09:58:20.212 [INFO ] com.apexsoft.TestProducer - {"params":{"1111":"22222"}}
2019-07-16 09:58:25.218 [INFO ] com.apexsoft.TestProducer - {"params":{"1111":"22222"}}
2019-07-16 09:58:30.225 [INFO ] com.apexsoft.TestProducer - {"params":{"1111":"22222"}}
2019-07-16 09:58:35.233 [INFO ] com.apexsoft.TestProducer - {"params":{"1111":"22222"}}
2019-07-16 09:58:40.241 [INFO ] com.apexsoft.TestProducer - {"params":{"1111":"22222"}}
2019-07-16 09:58:45.249 [INFO ] com.apexsoft.TestProducer - {"params":{"1111":"22222"}}
2019-07-16 09:58:50.256 [INFO ] com.apexsoft.TestProducer - {"params":{"1111":"22222"}}
2019-07-16 09:58:55.264 [INFO ] com.apexsoft.TestProducer - {"params":{"1111":"22222"}}
2019-07-16 09:59:00.273 [INFO ] com.apexsoft.TestProducer - {"params":{"1111":"22222"}}
2019-07-16 09:59:05.280 [INFO ] com.apexsoft.TestProducer - {"params":{"1111":"22222"}}
2019-07-16 09:59:10.286 [INFO ] com.apexsoft.TestProducer - {"params":{"1111":"22222"}}
2019-07-16 09:59:15.295 [INFO ] com.apexsoft.TestProducer - {"params":{"1111":"22222"}}
2019-07-16 09:59:20.303 [INFO ] com.apexsoft.TestProducer - {"params":{"1111":"22222"}}
2019-07-16 09:59:25.312 [INFO ] com.apexsoft.TestProducer - {"params":{"1111":"22222"}}
2019-07-16 09:59:30.320 [INFO ] com.apexsoft.TestProducer - {"params":{"1111":"22222"}}
2019-07-16 09:59:35.328 [INFO ] com.apexsoft.TestProducer - {"params":{"1111":"22222"}}
2019-07-16 09:59:40.337 [INFO ] com.apexsoft.TestProducer - {"params":{"1111":"22222"}}
2019-07-16 09:59:45.345 [INFO ] com.apexsoft.TestProducer - {"params":{"1111":"22222"}}
2019-07-16 09:59:50.353 [INFO ] com.apexsoft.TestProducer - {"params":{"1111":"22222"}}
2019-07-16 09:59:55.362 [INFO ] com.apexsoft.TestProducer - {"params":{"1111":"22222"}}
2019-07-16 10:00:00.369 [INFO ] com.apexsoft.TestProducer - {"params":{"1111":"22222"}}
2019-07-16 10:00:05.376 [INFO ] com.apexsoft.TestProducer - {"params":{"1111":"22222"}}
2019-07-16 10:00:10.384 [INFO ] com.apexsoft.TestProducer - {"params":{"1111":"22222"}}
2019-07-16 10:00:15.391 [INFO ] com.apexsoft.TestProducer - {"params":{"1111":"22222"}}
2019-07-16 10:00:20.401 [INFO ] com.apexsoft.TestProducer - {"params":{"1111":"22222"}}
2019-07-16 10:00:25.408 [INFO ] com.apexsoft.TestProducer - {"params":{"1111":"22222"}}
2019-07-16 10:00:30.418 [INFO ] com.apexsoft.TestProducer - {"params":{"1111":"22222"}}
2019-07-16 10:00:35.426 [INFO ] com.apexsoft.TestProducer - {"params":{"1111":"22222"}}
2019-07-16 10:00:40.436 [INFO ] com.apexsoft.TestProducer - {"params":{"1111":"22222"}}
2019-07-16 10:00:45.445 [INFO ] com.apexsoft.TestProducer - {"params":{"1111":"22222"}}
2019-07-16 10:00:50.450 [INFO ] com.apexsoft.TestProducer - {"params":{"1111":"22222"}}
2019-07-16 10:00:55.459 [INFO ] com.apexsoft.TestProducer - {"params":{"1111":"22222"}}
2019-07-16 10:01:00.466 [INFO ] com.apexsoft.TestProducer - {"params":{"1111":"22222"}}
2019-07-16 10:01:05.471 [INFO ] com.apexsoft.TestProducer - {"params":{"1111":"22222"}}
2019-07-16 10:01:10.480 [INFO ] com.apexsoft.TestProducer - {"params":{"1111":"22222"}}
2019-07-16 10:01:15.487 [INFO ] com.apexsoft.TestProducer - {"params":{"1111":"22222"}}
2019-07-16 10:01:20.495 [INFO ] com.apexsoft.TestProducer - {"params":{"1111":"22222"}}
2019-07-16 10:01:25.505 [INFO ] com.apexsoft.TestProducer - {"params":{"1111":"22222"}}
2019-07-16 10:01:30.513 [INFO ] com.apexsoft.TestProducer - {"params":{"1111":"22222"}}
2019-07-16 10:01:35.521 [INFO ] com.apexsoft.TestProducer - {"params":{"1111":"22222"}}
2019-07-16 10:01:40.527 [INFO ] com.apexsoft.TestProducer - {"params":{"1111":"22222"}}
2019-07-16 10:01:45.535 [INFO ] com.apexsoft.TestProducer - {"params":{"1111":"22222"}}
2019-07-16 10:01:50.545 [INFO ] com.apexsoft.TestProducer - {"params":{"1111":"22222"}}
2019-07-16 10:01:55.551 [INFO ] com.apexsoft.TestProducer - {"params":{"1111":"22222"}}
2019-07-16 10:02:00.560 [INFO ] com.apexsoft.TestProducer - {"params":{"1111":"22222"}}
2019-07-16 10:02:05.565 [INFO ] com.apexsoft.TestProducer - {"params":{"1111":"22222"}}
2019-07-16 10:02:10.574 [INFO ] com.apexsoft.TestProducer - {"params":{"1111":"22222"}}
2019-07-16 10:02:15.581 [INFO ] com.apexsoft.TestProducer - {"params":{"1111":"22222"}}
2019-07-16 10:02:20.587 [INFO ] com.apexsoft.TestProducer - {"params":{"1111":"22222"}}
2019-07-16 10:02:25.596 [INFO ] com.apexsoft.TestProducer - {"params":{"1111":"22222"}}
2019-07-16 10:02:30.603 [INFO ] com.apexsoft.TestProducer - {"params":{"1111":"22222"}}
2019-07-16 10:02:35.611 [INFO ] com.apexsoft.TestProducer - {"params":{"1111":"22222"}}
2019-07-16 10:02:40.620 [INFO ] com.apexsoft.TestProducer - {"params":{"1111":"22222"}}
2019-07-16 10:02:45.630 [INFO ] com.apexsoft.TestProducer - {"params":{"1111":"22222"}}
2019-07-16 10:02:50.636 [INFO ] com.apexsoft.TestProducer - {"params":{"1111":"22222"}}
2019-07-16 10:02:55.643 [INFO ] com.apexsoft.TestProducer - {"params":{"1111":"22222"}}
2019-07-16 10:03:00.649 [INFO ] com.apexsoft.TestProducer - {"params":{"1111":"22222"}}
2019-07-16 10:03:05.654 [INFO ] com.apexsoft.TestProducer - {"params":{"1111":"22222"}}
2019-07-16 10:03:10.661 [INFO ] com.apexsoft.TestProducer - {"params":{"1111":"22222"}}
2019-07-16 10:03:15.670 [INFO ] com.apexsoft.TestProducer - {"params":{"1111":"22222"}}
2019-07-16 10:03:20.677 [INFO ] com.apexsoft.TestProducer - {"params":{"1111":"22222"}}
2019-07-16 10:03:25.684 [INFO ] com.apexsoft.TestProducer - {"params":{"1111":"22222"}}
2019-07-16 10:03:30.698 [INFO ] com.apexsoft.TestProducer - {"params":{"1111":"22222"}}
2019-07-16 10:03:35.711 [INFO ] com.apexsoft.TestProducer - {"params":{"1111":"22222"}}
2019-07-16 10:03:40.720 [INFO ] com.apexsoft.TestProducer - {"params":{"1111":"22222"}}
2019-07-16 10:03:45.734 [INFO ] com.apexsoft.TestProducer - {"params":{"1111":"22222"}}
2019-07-16 10:03:50.742 [INFO ] com.apexsoft.TestProducer - {"params":{"1111":"22222"}}
2019-07-16 10:03:55.755 [INFO ] com.apexsoft.TestProducer - {"params":{"1111":"22222"}}
2019-07-16 10:04:00.762 [INFO ] com.apexsoft.TestProducer - {"params":{"1111":"22222"}}
2019-07-16 10:04:05.770 [INFO ] com.apexsoft.TestProducer - {"params":{"1111":"22222"}}
2019-07-16 10:04:10.782 [INFO ] com.apexsoft.TestProducer - {"params":{"1111":"22222"}}
2019-07-16 10:04:15.787 [INFO ] com.apexsoft.TestProducer - {"params":{"1111":"22222"}}
2019-07-16 10:04:20.794 [INFO ] com.apexsoft.TestProducer - {"params":{"1111":"22222"}}
2019-07-16 10:04:25.806 [INFO ] com.apexsoft.TestProducer - {"params":{"1111":"22222"}}
2019-07-16 10:04:30.817 [INFO ] com.apexsoft.TestProducer - {"params":{"1111":"22222"}}
2019-07-16 10:04:35.827 [INFO ] com.apexsoft.TestProducer - {"params":{"1111":"22222"}}
2019-07-16 10:04:40.837 [INFO ] com.apexsoft.TestProducer - {"params":{"1111":"22222"}}
2019-07-16 10:04:45.845 [INFO ] com.apexsoft.TestProducer - {"params":{"1111":"22222"}}
2019-07-16 10:04:50.859 [INFO ] com.apexsoft.TestProducer - {"params":{"1111":"22222"}}
2019-07-16 10:04:55.871 [INFO ] com.apexsoft.TestProducer - {"params":{"1111":"22222"}}
2019-07-16 10:05:00.876 [INFO ] com.apexsoft.TestProducer - {"params":{"1111":"22222"}}
2019-07-16 10:05:05.890 [INFO ] com.apexsoft.TestProducer - {"params":{"1111":"22222"}}
2019-07-16 10:05:10.896 [INFO ] com.apexsoft.TestProducer - {"params":{"1111":"22222"}}
2019-07-16 10:05:15.910 [INFO ] com.apexsoft.TestProducer - {"params":{"1111":"22222"}}
2019-07-16 10:05:20.923 [INFO ] com.apexsoft.TestProducer - {"params":{"1111":"22222"}}
2019-07-16 10:05:25.933 [INFO ] com.apexsoft.TestProducer - {"params":{"1111":"22222"}}
2019-07-16 10:05:30.947 [INFO ] com.apexsoft.TestProducer - {"params":{"1111":"22222"}}
2019-07-16 10:05:35.957 [INFO ] com.apexsoft.TestProducer - {"params":{"1111":"22222"}}
2019-07-16 10:05:40.963 [INFO ] com.apexsoft.TestProducer - {"params":{"1111":"22222"}}
2019-07-16 10:05:45.968 [INFO ] com.apexsoft.TestProducer - {"params":{"1111":"22222"}}
2019-07-16 10:05:50.974 [INFO ] com.apexsoft.TestProducer - {"params":{"1111":"22222"}}
2019-07-16 10:05:55.982 [INFO ] com.apexsoft.TestProducer - {"params":{"1111":"22222"}}
2019-07-16 10:06:00.992 [INFO ] com.apexsoft.TestProducer - {"params":{"1111":"22222"}}
2019-07-16 10:06:06.003 [INFO ] com.apexsoft.TestProducer - {"params":{"1111":"22222"}}
2019-07-16 10:06:11.008 [INFO ] com.apexsoft.TestProducer - {"params":{"1111":"22222"}}
2019-07-16 10:06:16.016 [INFO ] com.apexsoft.TestProducer - {"params":{"1111":"22222"}}
2019-07-16 10:06:21.024 [INFO ] com.apexsoft.TestProducer - {"params":{"1111":"22222"}}
2019-07-16 10:06:26.037 [INFO ] com.apexsoft.TestProducer - {"params":{"1111":"22222"}}
2019-07-16 10:06:31.049 [INFO ] com.apexsoft.TestProducer - {"params":{"1111":"22222"}}
2019-07-16 10:06:36.062 [INFO ] com.apexsoft.TestProducer - {"params":{"1111":"22222"}}
2019-07-16 10:06:41.074 [INFO ] com.apexsoft.TestProducer - {"params":{"1111":"22222"}}
2019-07-16 10:06:46.088 [INFO ] com.apexsoft.TestProducer - {"params":{"1111":"22222"}}
2019-07-16 10:06:51.100 [INFO ] com.apexsoft.TestProducer - {"params":{"1111":"22222"}}
2019-07-16 10:06:56.110 [INFO ] com.apexsoft.TestProducer - {"params":{"1111":"22222"}}
2019-07-16 10:07:01.119 [INFO ] com.apexsoft.TestProducer - {"params":{"1111":"22222"}}
2019-07-16 10:07:06.126 [INFO ] com.apexsoft.TestProducer - {"params":{"1111":"22222"}}
2019-07-16 10:07:11.132 [INFO ] com.apexsoft.TestProducer - {"params":{"1111":"22222"}}
2019-07-16 10:07:16.140 [INFO ] com.apexsoft.TestProducer - {"params":{"1111":"22222"}}
2019-07-16 10:07:21.149 [INFO ] com.apexsoft.TestProducer - {"params":{"1111":"22222"}}
2019-07-16 10:07:26.157 [INFO ] com.apexsoft.TestProducer - {"params":{"1111":"22222"}}
