2019-07-16 09:39:52.073 [WARN ] org.springframework.boot.context.embedded.AnnotationConfigEmbeddedWebApplicationContext - Exception encountered during context initialization - cancelling refresh attempt: org.springframework.beans.factory.BeanCreationException: Error creating bean with name 'AServiceRegister': Failed to introspect bean class [com.apexsoft.aas.service.config.AServiceRegister] for lookup method metadata: could not find class that it depends on; nested exception is java.lang.NoClassDefFoundError: com/apex/ams/server/AmsHandlerRegistry
2019-07-16 09:47:53.751 [WARN ] org.springframework.boot.context.embedded.AnnotationConfigEmbeddedWebApplicationContext - Exception encountered during context initialization - cancelling refresh attempt: org.springframework.beans.factory.BeanCreationException: Error creating bean with name 'AServiceRegister': Failed to introspect bean class [com.apexsoft.aas.service.config.AServiceRegister] for lookup method metadata: could not find class that it depends on; nested exception is java.lang.NoClassDefFoundError: com/apex/ams/server/AmsHandlerRegistry
2019-07-16 09:52:28.057 [WARN ] org.springframework.cloud.netflix.archaius.ArchaiusAutoConfiguration - No spring.application.name found, defaulting to 'application'
2019-07-16 09:52:28.061 [WARN ] com.netflix.config.sources.URLConfigurationSource - No URLs will be polled as dynamic configuration sources.
2019-07-16 09:52:28.066 [WARN ] com.netflix.config.sources.URLConfigurationSource - No URLs will be polled as dynamic configuration sources.
2019-07-16 10:07:28.431 [WARN ] com.netflix.discovery.DiscoveryClient - Saw local status change event StatusChangeEvent [timestamp=1563242848431, current=DOWN, previous=UP]
2019-07-16 10:07:28.438 [WARN ] org.springframework.context.annotation.AnnotationConfigApplicationContext - Exception thrown from ApplicationListener handling ContextClosedEvent
org.springframework.beans.factory.BeanCreationNotAllowedException: Error creating bean with name 'eurekaAutoServiceRegistration': Singleton bean creation not allowed while singletons of this factory are in destruction (Do not request a bean from a BeanFactory in a destroy method implementation!)
	at org.springframework.beans.factory.support.DefaultSingletonBeanRegistry.getSingleton(DefaultSingletonBeanRegistry.java:216)
	at org.springframework.beans.factory.support.AbstractBeanFactory.doGetBean(AbstractBeanFactory.java:308)
	at org.springframework.beans.factory.support.AbstractBeanFactory.getBean(AbstractBeanFactory.java:197)
	at org.springframework.context.support.AbstractApplicationContext.getBean(AbstractApplicationContext.java:1080)
	at org.springframework.context.event.ApplicationListenerMethodAdapter.getTargetBean(ApplicationListenerMethodAdapter.java:283)
	at org.springframework.context.event.ApplicationListenerMethodAdapter.doInvoke(ApplicationListenerMethodAdapter.java:253)
	at org.springframework.context.event.ApplicationListenerMethodAdapter.processEvent(ApplicationListenerMethodAdapter.java:177)
	at org.springframework.context.event.ApplicationListenerMethodAdapter.onApplicationEvent(ApplicationListenerMethodAdapter.java:140)
	at org.springframework.context.event.SimpleApplicationEventMulticaster.doInvokeListener(SimpleApplicationEventMulticaster.java:172)
	at org.springframework.context.event.SimpleApplicationEventMulticaster.invokeListener(SimpleApplicationEventMulticaster.java:165)
	at org.springframework.context.event.SimpleApplicationEventMulticaster.multicastEvent(SimpleApplicationEventMulticaster.java:139)
	at org.springframework.context.support.AbstractApplicationContext.publishEvent(AbstractApplicationContext.java:393)
	at org.springframework.context.support.AbstractApplicationContext.publishEvent(AbstractApplicationContext.java:399)
	at org.springframework.context.support.AbstractApplicationContext.publishEvent(AbstractApplicationContext.java:347)
	at org.springframework.context.support.AbstractApplicationContext.doClose(AbstractApplicationContext.java:991)
	at org.springframework.context.support.AbstractApplicationContext.close(AbstractApplicationContext.java:958)
	at org.springframework.cloud.context.named.NamedContextFactory.destroy(NamedContextFactory.java:76)
	at org.springframework.beans.factory.support.DisposableBeanAdapter.destroy(DisposableBeanAdapter.java:272)
	at org.springframework.beans.factory.support.DefaultSingletonBeanRegistry.destroyBean(DefaultSingletonBeanRegistry.java:583)
	at org.springframework.beans.factory.support.DefaultSingletonBeanRegistry.destroySingleton(DefaultSingletonBeanRegistry.java:555)
	at org.springframework.beans.factory.support.DefaultListableBeanFactory.destroySingleton(DefaultListableBeanFactory.java:961)
	at org.springframework.beans.factory.support.DefaultSingletonBeanRegistry.destroySingletons(DefaultSingletonBeanRegistry.java:516)
	at org.springframework.beans.factory.support.DefaultListableBeanFactory.destroySingletons(DefaultListableBeanFactory.java:968)
	at org.springframework.context.support.AbstractApplicationContext.destroyBeans(AbstractApplicationContext.java:1032)
	at org.springframework.context.support.AbstractApplicationContext.doClose(AbstractApplicationContext.java:1008)
	at org.springframework.context.support.AbstractApplicationContext$2.run(AbstractApplicationContext.java:929)
