2019-02-19 12:58:05.368 [ERROR] com.apexsoft.aas.common.swagger.ModelPropertyPlugin - Swagger属性定义get/set函数非法定义:[Property 'binaryStream'; ctors: null, field(s): null, getter(s): [method java.sql.Blob#getBinaryStream(0 params)][visible=true,ignore=false,explicitName=false], setter(s): [method java.sql.Blob#setBinaryStream(1 params)][visible=true,ignore=false,explicitName=false]]
2019-02-19 12:58:05.467 [ERROR] com.apexsoft.aas.common.swagger.ModelPropertyPlugin - Swagger属性定义get/set函数非法定义:[Property 'binaryStream'; ctors: null, field(s): null, getter(s): [method java.sql.Blob#getBinaryStream(0 params)][visible=true,ignore=false,explicitName=false], setter(s): [method java.sql.Blob#setBinaryStream(1 params)][visible=true,ignore=false,explicitName=false]]
2019-02-19 12:58:05.486 [ERROR] com.apexsoft.aas.common.swagger.ModelPropertyPlugin - Swagger属性未设置get/set函数:Optional.of(public java.lang.String com.apexsoft.aas.mobile.modules.common.api.pkg.StreamResponse.url)
2019-02-19 12:58:05.526 [ERROR] com.apexsoft.aas.common.swagger.ModelPropertyPlugin - Swagger属性定义get/set函数非法定义:[Property 'empty'; ctors: null, field(s): null, getter(s): [method com.alibaba.fastjson.JSONObject#isEmpty(0 params)][visible=true,ignore=false,explicitName=false], setter(s): null]
2019-02-19 12:58:05.527 [ERROR] com.apexsoft.aas.common.swagger.ModelPropertyPlugin - Swagger属性定义get/set函数非法定义:[Property 'innerMap'; ctors: null, field(s): null, getter(s): [method com.alibaba.fastjson.JSONObject#getInnerMap(0 params)][visible=true,ignore=false,explicitName=false], setter(s): null]
2019-02-19 12:58:05.529 [ERROR] com.apexsoft.aas.common.swagger.ModelPropertyPlugin - Swagger属性未设置get/set函数:Optional.of(public java.lang.Integer com.apexsoft.aas.mobile.modules.common.api.pkg.ChannelUserRequest$Unsubscribe$Param.channelId)
2019-02-19 12:58:05.529 [ERROR] com.apexsoft.aas.common.swagger.ModelPropertyPlugin - Swagger属性未设置get/set函数:Optional.of(public java.lang.String com.apexsoft.aas.mobile.modules.common.api.pkg.ChannelUserRequest$Unsubscribe$Param.loginId)
2019-02-19 12:58:05.595 [ERROR] com.apexsoft.aas.common.swagger.ModelPropertyPlugin - Swagger属性未设置get/set函数:Optional.of(public java.lang.Integer com.apexsoft.aas.mobile.modules.common.api.pkg.ChannelUserRequest$Unsubscribe$Param.channelId)
2019-02-19 12:58:05.595 [ERROR] com.apexsoft.aas.common.swagger.ModelPropertyPlugin - Swagger属性未设置get/set函数:Optional.of(public java.lang.String com.apexsoft.aas.mobile.modules.common.api.pkg.ChannelUserRequest$Unsubscribe$Param.loginId)
2019-02-19 12:58:05.734 [ERROR] com.apexsoft.aas.common.swagger.ModelPropertyPlugin - Swagger属性定义get/set函数非法定义:[Property 'key'; ctors: null, field(s): null, getter(s): [method com.apexsoft.aas.modules.helper.model.AmsServiceBean#getKey(0 params)][visible=true,ignore=false,explicitName=false], setter(s): null]
2019-02-19 12:58:05.734 [ERROR] com.apexsoft.aas.common.swagger.ModelPropertyPlugin - Swagger属性定义get/set函数非法定义:[Property 'commonGrpcService'; ctors: null, field(s): null, getter(s): [method com.apexsoft.aas.modules.helper.model.AmsServiceBean#isCommonGrpcService(0 params)][visible=true,ignore=false,explicitName=false], setter(s): null]
2019-02-19 12:58:05.758 [ERROR] com.apexsoft.aas.common.swagger.ModelPropertyPlugin - Swagger属性定义get/set函数非法定义:[Property 'extJSON'; ctors: null, field(s): null, getter(s): [method com.apexsoft.aas.common.AuthRequest#getExtJSON(0 params)][visible=true,ignore=false,explicitName=false], setter(s): null]
2019-02-19 12:58:05.776 [ERROR] com.apexsoft.aas.common.swagger.ModelPropertyPlugin - Swagger属性未设置get/set函数:Optional.of(public java.lang.String com.apexsoft.aas.modules.stream.model.StreamTokenResponse.url)
2019-02-19 12:58:05.777 [ERROR] com.apexsoft.aas.common.swagger.ModelPropertyPlugin - Swagger属性未设置get/set函数:Optional.of(public java.lang.String com.apexsoft.aas.modules.stream.model.StreamTokenResponse.token)
2019-02-19 12:58:05.793 [ERROR] com.apexsoft.aas.common.swagger.ModelPropertyPlugin - Swagger属性未设置get/set函数:Optional.of(public java.lang.String com.apexsoft.aas.mobile.modules.common.api.pkg.StreamResponse.url)
2019-02-19 12:58:05.814 [ERROR] com.apexsoft.aas.common.swagger.ModelPropertyPlugin - Swagger属性未设置get/set函数:Optional.of(public java.lang.String com.apexsoft.aas.modules.stream.model.StreamTokenResponse.url)
2019-02-19 12:58:05.815 [ERROR] com.apexsoft.aas.common.swagger.ModelPropertyPlugin - Swagger属性未设置get/set函数:Optional.of(public java.lang.String com.apexsoft.aas.modules.stream.model.StreamTokenResponse.token)
2019-02-19 12:58:05.978 [ERROR] com.apexsoft.aas.common.swagger.ModelPropertyPlugin - Swagger属性未设置get/set函数:Optional.of(public long com.apexsoft.aas.authentication.simple.api.pkg.PermissionRequest$Delete$Param.id)
2019-02-19 12:58:06.006 [ERROR] com.apexsoft.aas.common.swagger.ModelPropertyPlugin - Swagger属性未设置get/set函数:Optional.of(public long com.apexsoft.aas.authentication.simple.api.pkg.PermissionRequest$Delete$Param.id)
2019-02-19 12:58:06.081 [ERROR] com.apexsoft.aas.common.swagger.ModelPropertyPlugin - Swagger属性定义get/set函数非法定义:[Property 'user'; ctors: null, field(s): null, getter(s): [method com.apexsoft.aas.authentication.common.UserAuthResponse#getUser(0 params)][visible=true,ignore=false,explicitName=false], setter(s): null]
